<?xml version="1.0" encoding="UTF-8"?>
<!-- Generated by org.testng.reporters.JUnitReportReporter -->
<testsuite hostname="Achiever" failures="0" tests="1" name="hemanthselenium.Tests.LoginValidation" time="2.584" errors="0" timestamp="2024-02-26T10:24:43 IST" skipped="0">
  <testcase classname="hemanthselenium.Tests.LoginValidation" name="Logincheck" time="2.584"/>
  <system-out/>
</testsuite> <!-- hemanthselenium.Tests.LoginValidation -->
