<?xml version="1.0" encoding="UTF-8"?>
<!-- Generated by org.testng.reporters.JUnitReportReporter -->
<testsuite hostname="Achiever" failures="0" tests="1" name="hemanthselenium.Tests.AddMultipleProductsIntoCart" time="44.415" errors="0" timestamp="2024-02-24T13:11:10 IST" skipped="0">
  <testcase classname="hemanthselenium.Tests.AddMultipleProductsIntoCart" name="AddMoreItems" time="44.415"/>
  <system-out/>
</testsuite> <!-- hemanthselenium.Tests.AddMultipleProductsIntoCart -->
