<?xml version="1.0" encoding="UTF-8"?>
<!-- Generated by org.testng.reporters.JUnitReportReporter -->
<testsuite hostname="Achiever" failures="0" tests="1" name="hemanthselenium.Tests.SamplePlayTest" time="7.053" errors="0" timestamp="2024-02-26T10:24:43 IST" skipped="0">
  <testcase classname="hemanthselenium.Tests.SamplePlayTest" name="SampleTest" time="7.053"/>
  <system-out/>
</testsuite> <!-- hemanthselenium.Tests.SamplePlayTest -->
