<?xml version="1.0" encoding="UTF-8"?>
<!-- Generated by org.testng.reporters.JUnitReportReporter -->
<testsuite hostname="Achiever" failures="0" tests="1" name="hemanthselenium.Tests.Conversion" time="16.931" errors="0" timestamp="2024-02-15T18:26:03 IST" skipped="0">
  <testcase classname="hemanthselenium.Tests.Conversion" name="submitOrder" time="16.931"/>
  <system-out/>
</testsuite> <!-- hemanthselenium.Tests.Conversion -->
