<?xml version="1.0" encoding="UTF-8"?>
<!-- Generated by org.testng.reporters.JUnitReportReporter -->
<testsuite hostname="Achiever" failures="0" tests="1" name="hemanthselenium.Tests.AddToCart" time="17.924" errors="0" timestamp="2024-02-15T18:51:31 IST" skipped="0">
  <testcase classname="hemanthselenium.Tests.AddToCart" name="AddItemsToCart" time="17.924"/>
  <system-out/>
</testsuite> <!-- hemanthselenium.Tests.AddToCart -->
